<?xml version="1.0" encoding="UTF-8"?>
<testsuite xmlns:xsi="http://www.w3.org/2001/XMLSchema-instance" xsi:noNamespaceSchemaLocation="https://maven.apache.org/surefire/maven-surefire-plugin/xsd/surefire-test-report.xsd" name="main.TestSuite" time="0.684" tests="11" errors="0" skipped="0" failures="0">
  <properties>
[...]
</properties>
  <testcase name="testLetters" classname="main.zad13.zad13Test" time="0.003"/>
  <testcase name="testPi" classname="main.zad14.zad14Test" time="0.606"/>
  <testcase name="testPi" classname="main.zad15.zad15Test" time="0.001"/>
  <testcase name="testNodeSum" classname="main.zad50.zad50Test" time="0.002"/>
  <testcase name="testShuffle" classname="main.zad51.zad51Test" time="0.001"/>
  <testcase name="testMatrix" classname="main.zad56.zad56Test" time="0.001"/>
  <testcase name="testPerfectNumber" classname="main.zad70.zad70Test" time="0.002"/>
  <testcase name="testZadanie" classname="main.zad74.zad74Test" time="0.001"/>
  <testcase name="testZadanie" classname="main.zad76.zad76Test" time="0.001"/>
  <testcase name="testZadanie" classname="main.zad79.zad79Test" time="0"/>
  <testcase name="shouldAnswerWithTrue" classname="main.AppTest" time="0"/>
</testsuite>